[76580:35075:1201/052807.320068:ERROR:chrome_browser_main_extra_parts_metrics.cc(226)] crbug.com/1216328: Checking Bluetooth availability started. Please report if there is no report that this ends.
[76580:35075:1201/052807.321356:ERROR:chrome_browser_main_extra_parts_metrics.cc(229)] crbug.com/1216328: Checking Bluetooth availability ended.
[76580:35075:1201/052807.321404:ERROR:chrome_browser_main_extra_parts_metrics.cc(232)] crbug.com/1216328: Checking default browser status started. Please report if there is no report that this ends.
[76580:35075:1201/052807.321904:ERROR:chrome_browser_main_extra_parts_metrics.cc(236)] crbug.com/1216328: Checking default browser status ended.
[76580:259:1201/052808.200021:INFO:CONSOLE(0)] "A preload for 'https://bin.bnbstatic.com/static/fonts/bp/BinancePlex-Regular.otf' is found, but is not used because the request credentials mode does not match. Consider taking a look at crossorigin attribute.", source: https://www.binance.com/en/nft (0)
[76580:259:1201/052808.200101:INFO:CONSOLE(0)] "A preload for 'https://bin.bnbstatic.com/static/fonts/bp/BinancePlex-SemiBold.otf' is found, but is not used because the request credentials mode does not match. Consider taking a look at crossorigin attribute.", source: https://www.binance.com/en/nft (0)
[76580:259:1201/052808.200173:INFO:CONSOLE(0)] "A preload for 'https://bin.bnbstatic.com/static/fonts/bp/BinancePlex-SemiBold.otf' is found, but is not used because the request credentials mode does not match. Consider taking a look at crossorigin attribute.", source: https://www.binance.com/en/nft (0)
[76580:259:1201/052808.200234:INFO:CONSOLE(0)] "A preload for 'https://bin.bnbstatic.com/static/fonts/bp/BinancePlex-SemiBold.otf' is found, but is not used because the request credentials mode does not match. Consider taking a look at crossorigin attribute.", source: https://www.binance.com/en/nft (0)
[76580:259:1201/052809.942262:INFO:CONSOLE(0)] "Refused to load the image 'https://www.google.hu/ads/ga-audiences?t=sr&aip=1&_r=4&slf_rd=1&v=1&_v=j96&tid=UA-162512367-1&cid=2037076826.1638332889&jid=884213002&_u=YEDAAEABAAAAAC~&z=1580508435' because it violates the following Content Security Policy directive: "img-src 'self' data: blob: https://bin.bnbstatic.com http://bin.bnbstatic.com.s3.ap-northeast-1.amazonaws.com https://www.recaptcha.net/ https://static.qa1fdg.net https://media.npr.org https://source.unsplash.com https://tk-dev-nft.s3.ap-northeast-1.amazonaws.com https://tk-dev-s3-bucket.s3.ap-northeast-1.amazonaws.com https://tk-prod-s3-bucket.s3.ap-northeast-1.amazonaws.com https://public-nftstatic-com.s3.ap-northeast-1.amazonaws.com https://public.nftstatic.com https://registry.walletconnect.org 'self' https://sensors.binance.cloud https://public.bnbstatic.com https://upload-bnbstatic-com.s3.ap-northeast-1.amazonaws.com https://*.saasexch.com https://public-1259603563.file.myqcloud.com https://static-file-1259603563.file.myqcloud.com https://www.googletagmanager.com https://www.google-analytics.com https://googleads.g.doubleclick.net https://www.google.com https://analytics.twitter.com https://t.co https://www.facebook.com https://*.wistia.com https://*.wistia.net https://embedwistia-a.akamaihd.net".
", source: https://www.binance.com/en/nft (0)
[76580:259:1201/052809.944908:INFO:CONSOLE(0)] "Refused to load the image 'https://www.google.hu/ads/ga-audiences?t=sr&aip=1&_r=4&slf_rd=1&v=1&_v=j96&tid=UA-162512367-1&cid=2037076826.1638332889&jid=238923951&_u=IEBAAEAAAAAAAC~&z=325634372' because it violates the following Content Security Policy directive: "img-src 'self' data: blob: https://bin.bnbstatic.com http://bin.bnbstatic.com.s3.ap-northeast-1.amazonaws.com https://www.recaptcha.net/ https://static.qa1fdg.net https://media.npr.org https://source.unsplash.com https://tk-dev-nft.s3.ap-northeast-1.amazonaws.com https://tk-dev-s3-bucket.s3.ap-northeast-1.amazonaws.com https://tk-prod-s3-bucket.s3.ap-northeast-1.amazonaws.com https://public-nftstatic-com.s3.ap-northeast-1.amazonaws.com https://public.nftstatic.com https://registry.walletconnect.org 'self' https://sensors.binance.cloud https://public.bnbstatic.com https://upload-bnbstatic-com.s3.ap-northeast-1.amazonaws.com https://*.saasexch.com https://public-1259603563.file.myqcloud.com https://static-file-1259603563.file.myqcloud.com https://www.googletagmanager.com https://www.google-analytics.com https://googleads.g.doubleclick.net https://www.google.com https://analytics.twitter.com https://t.co https://www.facebook.com https://*.wistia.com https://*.wistia.net https://embedwistia-a.akamaihd.net".
", source: https://www.binance.com/en/nft (0)
[76580:259:1201/052810.125393:INFO:CONSOLE(1)] "[object Object],[object Object],[object Object]", source: https://bin.bnbstatic.com/static/chunks/commons.dd553b9b.js (1)
[76580:259:1201/052810.713462:INFO:CONSOLE(1)] "400: 400", source: https://bin.bnbstatic.com/static/chunks/commons.dd553b9b.js (1)
[76580:259:1201/052812.936706:INFO:CONSOLE(0)] "The resource https://bin.bnbstatic.com/static/fonts/bp/BinancePlex-SemiBold.otf was preloaded using link preload but not used within a few seconds from the window's load event. Please make sure it has an appropriate `as` value and it is preloaded intentionally.", source: https://www.binance.com/en/nft (0)
[76580:259:1201/052812.936765:INFO:CONSOLE(0)] "The resource https://bin.bnbstatic.com/static/fonts/bp/BinancePlex-Regular.otf was preloaded using link preload but not used within a few seconds from the window's load event. Please make sure it has an appropriate `as` value and it is preloaded intentionally.", source: https://www.binance.com/en/nft (0)
[76580:259:1201/052816.212308:INFO:CONSOLE(1)] "Error: Need to log in to access", source: https://bin.bnbstatic.com/static/chunks/commons.67da4c33.js (1)
[76580:259:1201/052817.509393:INFO:CONSOLE(0)] ""Authorization" will not be covered by the wildcard symbol (*)in CORS "Access-Control-Allow-Headers" handling.", source: https://accounts.binance.com/en/login?return_to=aHR0cHM6Ly93d3cuYmluYW5jZS5jb20vZW4vbmZ0 (0)
[76605:71939:1201/052818.353550:WARNING:used_ids.h(55)] Duplicate id found. Reassigning from 104 to 127
[76605:71939:1201/052818.353606:WARNING:used_ids.h(55)] Duplicate id found. Reassigning from 106 to 125
[76605:71939:1201/052818.353623:WARNING:used_ids.h(55)] Duplicate id found. Reassigning from 110 to 124
[76605:71939:1201/052818.353638:WARNING:used_ids.h(55)] Duplicate id found. Reassigning from 112 to 123
[76605:71939:1201/052818.353652:WARNING:used_ids.h(55)] Duplicate id found. Reassigning from 102 to 122
[76605:71939:1201/052818.353680:WARNING:used_ids.h(55)] Duplicate id found. Reassigning from 103 to 121
[76605:71939:1201/052818.353697:WARNING:used_ids.h(55)] Duplicate id found. Reassigning from 105 to 120
[76605:71939:1201/052818.353737:WARNING:used_ids.h(55)] Duplicate id found. Reassigning from 111 to 119
[76605:71939:1201/052818.353756:WARNING:used_ids.h(55)] Duplicate id found. Reassigning from 113 to 118
[76605:71939:1201/052818.353767:WARNING:media_session.cc(966)] RED codec red is missing an associated payload type.
[76614:259:1201/052818.557503:ERROR:system_services.cc(31)] SetApplicationIsDaemon: Error Domain=NSOSStatusErrorDomain Code=-50 "paramErr: error in user parameter list" (-50)
[76580:259:1201/052818.610573:INFO:CONSOLE(1)] "The ScriptProcessorNode is deprecated. Use AudioWorkletNode instead. (https://bit.ly/audio-worklet)", source: https://static.geetest.com/static/js/fullpage.8.6.1.js (1)
[76580:259:1201/052826.712878:INFO:CONSOLE(0)] "A preload for 'https://bin.bnbstatic.com/static/fonts/bp/BinancePlex-Regular.otf' is found, but is not used because the request credentials mode does not match. Consider taking a look at crossorigin attribute.", source: https://www.binance.com/en/nft (0)
[76580:259:1201/052826.712972:INFO:CONSOLE(0)] "A preload for 'https://bin.bnbstatic.com/static/fonts/bp/BinancePlex-SemiBold.otf' is found, but is not used because the request credentials mode does not match. Consider taking a look at crossorigin attribute.", source: https://www.binance.com/en/nft (0)
[76580:259:1201/052826.713049:INFO:CONSOLE(0)] "A preload for 'https://bin.bnbstatic.com/static/fonts/bp/BinancePlex-SemiBold.otf' is found, but is not used because the request credentials mode does not match. Consider taking a look at crossorigin attribute.", source: https://www.binance.com/en/nft (0)
[76580:259:1201/052826.713101:INFO:CONSOLE(0)] "A preload for 'https://bin.bnbstatic.com/static/fonts/bp/BinancePlex-SemiBold.otf' is found, but is not used because the request credentials mode does not match. Consider taking a look at crossorigin attribute.", source: https://www.binance.com/en/nft (0)
[76580:259:1201/052828.012064:INFO:CONSOLE(1)] "[object Object],[object Object],[object Object]", source: https://bin.bnbstatic.com/static/chunks/commons.dd553b9b.js (1)
[76580:259:1201/052829.226466:INFO:CONSOLE(1)] "400: 400", source: https://bin.bnbstatic.com/static/chunks/commons.dd553b9b.js (1)
[76580:259:1201/052831.281444:INFO:CONSOLE(0)] "The resource https://bin.bnbstatic.com/static/fonts/bp/BinancePlex-SemiBold.otf was preloaded using link preload but not used within a few seconds from the window's load event. Please make sure it has an appropriate `as` value and it is preloaded intentionally.", source: https://www.binance.com/en/nft (0)
[76580:259:1201/052831.281581:INFO:CONSOLE(0)] "The resource https://bin.bnbstatic.com/static/fonts/bp/BinancePlex-Regular.otf was preloaded using link preload but not used within a few seconds from the window's load event. Please make sure it has an appropriate `as` value and it is preloaded intentionally.", source: https://www.binance.com/en/nft (0)
[76605:71939:1201/052835.218643:WARNING:webrtc_voice_engine.cc(702)] Attempting to stop aecdump when no audio processing module is present
[76580:259:1201/052844.277643:INFO:CONSOLE(0)] "A preload for 'https://bin.bnbstatic.com/static/fonts/bp/BinancePlex-Regular.otf' is found, but is not used because the request credentials mode does not match. Consider taking a look at crossorigin attribute.", source: https://www.binance.com/en/nft/goods/detail?productId=13991851&isOpen=true&isProduct=1 (0)
[76580:259:1201/052844.277722:INFO:CONSOLE(0)] "A preload for 'https://bin.bnbstatic.com/static/fonts/bp/BinancePlex-SemiBold.otf' is found, but is not used because the request credentials mode does not match. Consider taking a look at crossorigin attribute.", source: https://www.binance.com/en/nft/goods/detail?productId=13991851&isOpen=true&isProduct=1 (0)
[76580:259:1201/052844.277745:INFO:CONSOLE(0)] "A preload for 'https://bin.bnbstatic.com/static/fonts/bp/BinancePlex-SemiBold.otf' is found, but is not used because the request credentials mode does not match. Consider taking a look at crossorigin attribute.", source: https://www.binance.com/en/nft/goods/detail?productId=13991851&isOpen=true&isProduct=1 (0)
[76580:259:1201/052844.277925:INFO:CONSOLE(0)] "A preload for 'https://bin.bnbstatic.com/static/fonts/bp/BinancePlex-SemiBold.otf' is found, but is not used because the request credentials mode does not match. Consider taking a look at crossorigin attribute.", source: https://www.binance.com/en/nft/goods/detail?productId=13991851&isOpen=true&isProduct=1 (0)
[76580:259:1201/052844.668719:INFO:CONSOLE(1)] "[object Object],[object Object],[object Object]", source: https://bin.bnbstatic.com/static/chunks/commons.dd553b9b.js (1)
[76580:259:1201/052845.201884:INFO:CONSOLE(1)] "400: 400", source: https://bin.bnbstatic.com/static/chunks/commons.dd553b9b.js (1)
[76580:259:1201/052848.408976:INFO:CONSOLE(0)] "The resource https://bin.bnbstatic.com/static/fonts/bp/BinancePlex-SemiBold.otf was preloaded using link preload but not used within a few seconds from the window's load event. Please make sure it has an appropriate `as` value and it is preloaded intentionally.", source: https://www.binance.com/en/nft/goods/detail?productId=13991851&isOpen=true&isProduct=1 (0)
[76580:259:1201/052848.409208:INFO:CONSOLE(0)] "The resource https://bin.bnbstatic.com/static/fonts/bp/BinancePlex-Regular.otf was preloaded using link preload but not used within a few seconds from the window's load event. Please make sure it has an appropriate `as` value and it is preloaded intentionally.", source: https://www.binance.com/en/nft/goods/detail?productId=13991851&isOpen=true&isProduct=1 (0)
[76580:259:1201/052857.249502:WARNING:pref_notifier_impl.cc(40)] Pref observer for media_router.cast_allow_all_ips found at shutdown.
